<?xml version="1.0" encoding="UTF-8"?>
<!-- Generated by org.testng.reporters.JUnitReportReporter -->
<testsuite hostname="MACPRO646.local" failures="0" tests="8" name="testcases.UserTests" time="20.915" errors="0" timestamp="2025-12-26T16:17:28 IST" skipped="0">
  <testcase classname="testcases.UserTests" name="testGetUsersWithLimit" time="0.826"/>
  <testcase classname="testcases.UserTests" name="testGetUserById" time="0.838"/>
  <testcase classname="testcases.UserTests" name="testUpdateUser" time="0.544"/>
  <testcase classname="testcases.UserTests" name="testGetUsersSortedAsc" time="0.631"/>
  <testcase classname="testcases.UserTests" name="testGetAllUsers" time="0.713"/>
  <testcase classname="testcases.UserTests" name="testGetUsersSorted" time="1.018"/>
  <testcase classname="testcases.UserTests" name="testCreateUser" time="10.555"/>
  <testcase classname="testcases.UserTests" name="testDeleteUser" time="5.790"/>
</testsuite> <!-- testcases.UserTests -->
