<?xml version="1.0" encoding="UTF-8"?>
<!-- Generated by org.testng.reporters.JUnitReportReporter -->
<testsuite hostname="MACPRO646.local" failures="0" tests="7" name="testcases.ProductTest" time="4.799" errors="0" timestamp="2025-12-19T15:57:40 IST" skipped="0">
  <testcase classname="testcases.ProductTest" name="testGetLimitedProducts" time="0.690"/>
  <testcase classname="testcases.ProductTest" name="testGetAllCategories" time="0.666"/>
  <testcase classname="testcases.ProductTest" name="testGetSortedProducts" time="0.807"/>
  <testcase classname="testcases.ProductTest" name="testGetProductsByCategory" time="0.675"/>
  <testcase classname="testcases.ProductTest" name="testGetSortedProductsAsc" time="0.533"/>
  <testcase classname="testcases.ProductTest" name="testAddNewProduct" time="0.806"/>
  <testcase classname="testcases.ProductTest" name="testGetAllProducts" time="0.622"/>
</testsuite> <!-- testcases.ProductTest -->
