<?xml version="1.0" encoding="UTF-8"?>
<!-- Generated by org.testng.reporters.JUnitReportReporter -->
<testsuite hostname="MACPRO646.local" failures="0" tests="5" name="testcases.ProductDataDrivenTest" time="9.914" errors="0" timestamp="2025-12-19T15:57:40 IST" skipped="0">
  <testcase classname="testcases.ProductDataDrivenTest" name="testAddNewProduct" time="1.240"/>
  <testcase classname="testcases.ProductDataDrivenTest" name="testAddNewProduct" time="1.657"/>
  <testcase classname="testcases.ProductDataDrivenTest" name="testAddNewProduct" time="1.288"/>
  <testcase classname="testcases.ProductDataDrivenTest" name="testAddNewProduct" time="4.434"/>
  <testcase classname="testcases.ProductDataDrivenTest" name="testAddNewProduct" time="1.295"/>
</testsuite> <!-- testcases.ProductDataDrivenTest -->
