<?xml version="1.0" encoding="UTF-8"?>
<!-- Generated by org.testng.reporters.JUnitReportReporter -->
<testsuite hostname="MACPRO646.local" failures="0" tests="10" name="testcases.ProductTests" time="28.596" errors="0" timestamp="2025-12-26T16:17:28 IST" skipped="0">
  <testcase classname="testcases.ProductTests" name="testDeleteProduct" time="5.710"/>
  <testcase classname="testcases.ProductTests" name="testGetAllCategories" time="0.621"/>
  <testcase classname="testcases.ProductTests" name="testGetAllProducts" time="0.849"/>
  <testcase classname="testcases.ProductTests" name="testUpdateProduct" time="0.650"/>
  <testcase classname="testcases.ProductTests" name="testGetSingleProductById" time="0.638"/>
  <testcase classname="testcases.ProductTests" name="testGetLimitedProducts" time="1.561"/>
  <testcase classname="testcases.ProductTests" name="testGetSortedProducts" time="6.446"/>
  <testcase classname="testcases.ProductTests" name="testGetSortedProductsAsc" time="0.754"/>
  <testcase classname="testcases.ProductTests" name="testGetProductsByCategory" time="0.800"/>
  <testcase classname="testcases.ProductTests" name="testAddNewProduct" time="10.567"/>
</testsuite> <!-- testcases.ProductTests -->
