<?xml version="1.0" encoding="UTF-8"?>
<!-- Generated by org.testng.reporters.JUnitReportReporter -->
<testsuite hostname="MACPRO646.local" failures="0" tests="10" name="testcases.ProductTests" time="18.367" errors="0" timestamp="2025-12-22T22:36:10 IST" skipped="0">
  <testcase classname="testcases.ProductTests" name="testGetAllCategories" time="0.449"/>
  <testcase classname="testcases.ProductTests" name="testGetAllProducts" time="5.545"/>
  <testcase classname="testcases.ProductTests" name="testGetSingleProductById" time="0.362"/>
  <testcase classname="testcases.ProductTests" name="testAddNewProduct" time="9.438"/>
  <testcase classname="testcases.ProductTests" name="testDeleteProduct" time="0.453"/>
  <testcase classname="testcases.ProductTests" name="testGetProductsByCategory" time="0.435"/>
  <testcase classname="testcases.ProductTests" name="testGetLimitedProducts" time="0.431"/>
  <testcase classname="testcases.ProductTests" name="testGetSortedProducts" time="0.439"/>
  <testcase classname="testcases.ProductTests" name="testGetSortedProductsAsc" time="0.412"/>
  <testcase classname="testcases.ProductTests" name="testUpdateProduct" time="0.403"/>
</testsuite> <!-- testcases.ProductTests -->
