<?xml version="1.0" encoding="UTF-8"?>
<!-- Generated by org.testng.reporters.JUnitReportReporter -->
<testsuite hostname="MACPRO646.local" failures="0" tests="8" name="testcases.UserTest" time="9.576" errors="0" timestamp="2025-12-22T22:36:10 IST" skipped="0">
  <testcase classname="testcases.UserTest" name="testGetUsersSortedDesc" time="0.521"/>
  <testcase classname="testcases.UserTest" name="testCreateUser" time="1.007"/>
  <testcase classname="testcases.UserTest" name="testGetUsersSortedAsc" time="0.558"/>
  <testcase classname="testcases.UserTest" name="testDeleteUser" time="0.477"/>
  <testcase classname="testcases.UserTest" name="testGetuserWithLimit" time="0.553"/>
  <testcase classname="testcases.UserTest" name="testGetAllUser" time="5.554"/>
  <testcase classname="testcases.UserTest" name="testGetUserById" time="0.482"/>
  <testcase classname="testcases.UserTest" name="testUpdateUser" time="0.424"/>
</testsuite> <!-- testcases.UserTest -->
