<?xml version="1.0" encoding="UTF-8"?>
<!-- Generated by org.testng.reporters.JUnitReportReporter -->
<testsuite hostname="MACPRO646.local" failures="0" tests="10" name="testcases.CartTests" time="14.694" errors="0" timestamp="2025-12-26T16:17:28 IST" skipped="0">
  <testcase classname="testcases.CartTests" name="testDeleteCart" time="0.665"/>
  <testcase classname="testcases.CartTests" name="testGetCartsSortedAsc" time="0.650"/>
  <testcase classname="testcases.CartTests" name="testGetAllCarts" time="0.683"/>
  <testcase classname="testcases.CartTests" name="testGetCartsWithLimit" time="0.692"/>
  <testcase classname="testcases.CartTests" name="testCreateCart" time="0.845"/>
  <testcase classname="testcases.CartTests" name="testUpdateCart" time="0.622"/>
  <testcase classname="testcases.CartTests" name="testGetUserCart" time="0.726"/>
  <testcase classname="testcases.CartTests" name="testGetCartsByDateRange" time="2.231"/>
  <testcase classname="testcases.CartTests" name="testGetCartById" time="0.799"/>
  <testcase classname="testcases.CartTests" name="testGetCartsSorted" time="6.781"/>
</testsuite> <!-- testcases.CartTests -->
