<?xml version="1.0" encoding="UTF-8"?>
<!-- Generated by org.testng.reporters.JUnitReportReporter -->
<testsuite hostname="MACPRO646.local" failures="0" tests="9" name="testcases.CartTests" time="10.627" errors="0" timestamp="2025-12-24T00:11:09 IST" skipped="0">
  <testcase classname="testcases.CartTests" name="testGetCartsByDateRange" time="0.637"/>
  <testcase classname="testcases.CartTests" name="testUpdateCart" time="0.476"/>
  <testcase classname="testcases.CartTests" name="testGetCartsSorted" time="0.522"/>
  <testcase classname="testcases.CartTests" name="testGetCartsSortedAsc" time="0.609"/>
  <testcase classname="testcases.CartTests" name="testCreateCart" time="0.761"/>
  <testcase classname="testcases.CartTests" name="testDeleteCart" time="0.593"/>
  <testcase classname="testcases.CartTests" name="testGetCartsWithLimit" time="1.032"/>
  <testcase classname="testcases.CartTests" name="testGetUserCart" time="0.482"/>
  <testcase classname="testcases.CartTests" name="testGetAllCarts" time="5.515"/>
</testsuite> <!-- testcases.CartTests -->
