<?xml version="1.0" encoding="UTF-8"?>
<!-- Generated by org.testng.reporters.JUnitReportReporter -->
<testsuite hostname="MACPRO646.local" failures="0" tests="3" name="testcases.SchemaTests" time="2.340" errors="0" timestamp="2025-12-26T16:17:28 IST" skipped="0">
  <testcase classname="testcases.SchemaTests" name="testUserSchema" time="0.711"/>
  <testcase classname="testcases.SchemaTests" name="testCartSchema" time="1.025"/>
  <testcase classname="testcases.SchemaTests" name="testProductSchema" time="0.604"/>
</testsuite> <!-- testcases.SchemaTests -->
