<?xml version="1.0" encoding="UTF-8"?>
<!-- Generated by org.testng.reporters.JUnitXMLReporter -->
<testsuite ignored="0" hostname="MACPRO646.local" failures="0" tests="12" name="API Tests" time="15.65" errors="0" timestamp="2025-12-19T15:57:39 IST">
  <testcase classname="testcases.ProductDataDrivenTest" name="testAddNewProduct" time="4.434"/>
  <testcase classname="testcases.ProductDataDrivenTest" name="testAddNewProduct" time="1.24"/>
  <testcase classname="testcases.ProductDataDrivenTest" name="testAddNewProduct" time="1.657"/>
  <testcase classname="testcases.ProductDataDrivenTest" name="testAddNewProduct" time="1.288"/>
  <testcase classname="testcases.ProductDataDrivenTest" name="testAddNewProduct" time="1.295"/>
  <testcase classname="testcases.ProductTest" name="testAddNewProduct" time="0.806"/>
  <testcase classname="testcases.ProductTest" name="testGetAllCategories" time="0.666"/>
  <testcase classname="testcases.ProductTest" name="testGetAllProducts" time="0.622"/>
  <testcase classname="testcases.ProductTest" name="testGetLimitedProducts" time="0.69"/>
  <testcase classname="testcases.ProductTest" name="testGetProductsByCategory" time="0.675"/>
  <testcase classname="testcases.ProductTest" name="testGetSortedProducts" time="0.807"/>
  <testcase classname="testcases.ProductTest" name="testGetSortedProductsAsc" time="0.533"/>
</testsuite> <!-- API Tests -->
