<?xml version="1.0" encoding="UTF-8"?>
<!-- Generated by org.testng.reporters.JUnitXMLReporter -->
<testsuite ignored="0" hostname="MACPRO646.local" failures="4" tests="15" name="API Tests" time="15.645" errors="0" timestamp="2025-12-19T15:48:11 IST">
  <testcase classname="testcases.ProductDataDrivenTest" name="testAddNewProduct" time="4.616"/>
  <testcase classname="testcases.ProductDataDrivenTest" name="testAddNewProduct" time="1.229"/>
  <testcase classname="testcases.ProductDataDrivenTest" name="testAddNewProduct" time="1.666"/>
  <testcase classname="testcases.ProductDataDrivenTest" name="testAddNewProduct" time="1.249"/>
  <testcase classname="testcases.ProductDataDrivenTest" name="testAddNewProduct" time="1.376"/>
  <testcase classname="testcases.ProductTest" name="testAddNewProduct" time="0.863">
    <failure type="java.lang.AssertionError" message="1 expectation failed.
Expected status code &amp;lt;200&amp;gt; but was &amp;lt;201&amp;gt;.
">
      <![CDATA[java.lang.AssertionError: 1 expectation failed.
Expected status code <200> but was <201>.

at org.codehaus.groovy.runtime.callsite.ConstructorSite$ConstructorSiteNoUnwrapNoCoerce.callConstructor(ConstructorSite.java:108)
at org.codehaus.groovy.runtime.callsite.CallSiteArray.defaultCallConstructor(CallSiteArray.java:57)
at org.codehaus.groovy.runtime.callsite.AbstractCallSite.callConstructor(AbstractCallSite.java:263)
at org.codehaus.groovy.runtime.callsite.AbstractCallSite.callConstructor(AbstractCallSite.java:277)
at io.restassured.internal.ResponseSpecificationImpl$HamcrestAssertionClosure.validate(ResponseSpecificationImpl.groovy:512)
at io.restassured.internal.ResponseSpecificationImpl$HamcrestAssertionClosure$validate$1.call(Unknown Source)
at io.restassured.internal.ResponseSpecificationImpl.validateResponseIfRequired(ResponseSpecificationImpl.groovy:696)
at io.restassured.internal.ResponseSpecificationImpl.this$2$validateResponseIfRequired(ResponseSpecificationImpl.groovy)
at org.codehaus.groovy.runtime.callsite.PlainObjectMetaMethodSite.doInvoke(PlainObjectMetaMethodSite.java:43)
at org.codehaus.groovy.runtime.callsite.PogoMetaMethodSite$PogoCachedMethodSiteNoUnwrapNoCoerce.invoke(PogoMetaMethodSite.java:198)
at org.codehaus.groovy.runtime.callsite.PogoMetaMethodSite.callCurrent(PogoMetaMethodSite.java:62)
at org.codehaus.groovy.runtime.callsite.AbstractCallSite.callCurrent(AbstractCallSite.java:185)
at io.restassured.internal.ResponseSpecificationImpl.statusCode(ResponseSpecificationImpl.groovy:135)
at io.restassured.specification.ResponseSpecification$statusCode$0.callCurrent(Unknown Source)
at io.restassured.internal.ResponseSpecificationImpl.statusCode(ResponseSpecificationImpl.groovy:143)
at io.restassured.internal.ValidatableResponseOptionsImpl.statusCode(ValidatableResponseOptionsImpl.java:89)
at testcases.ProductTest.testAddNewProduct(ProductTest.java:153)
at java.base/java.util.ArrayList.forEach(ArrayList.java:1604)
... Removed 31 stack frames]]>
    </failure>
  </testcase> <!-- testAddNewProduct -->
  <testcase classname="testcases.ProductTest" name="testDeleteProduct" time="0.002">
    <failure type="java.lang.NumberFormatException" message="Cannot parse null string">
      <![CDATA[java.lang.NumberFormatException: Cannot parse null string
at java.base/java.lang.Integer.parseInt(Integer.java:527)
at java.base/java.lang.Integer.parseInt(Integer.java:662)
at utils.ConfigReader.getIntProperty(ConfigReader.java:34)
at testcases.ProductTest.testDeleteProduct(ProductTest.java:188)
at java.base/java.util.ArrayList.forEach(ArrayList.java:1604)
... Removed 25 stack frames]]>
    </failure>
  </testcase> <!-- testDeleteProduct -->
  <testcase classname="testcases.ProductTest" name="testGetAllCategories" time="0.579"/>
  <testcase classname="testcases.ProductTest" name="testGetAllProducts" time="0.551"/>
  <testcase classname="testcases.ProductTest" name="testGetLimitedProducts" time="0.644"/>
  <testcase classname="testcases.ProductTest" name="testGetProductsByCategory" time="0.603"/>
  <testcase classname="testcases.ProductTest" name="testGetSingleProductById" time="0.002">
    <failure type="java.lang.NumberFormatException" message="Cannot parse null string">
      <![CDATA[java.lang.NumberFormatException: Cannot parse null string
at java.base/java.lang.Integer.parseInt(Integer.java:527)
at java.base/java.lang.Integer.parseInt(Integer.java:662)
at utils.ConfigReader.getIntProperty(ConfigReader.java:34)
at testcases.ProductTest.testGetSingleProductById(ProductTest.java:43)
at java.base/java.util.ArrayList.forEach(ArrayList.java:1604)
... Removed 25 stack frames]]>
    </failure>
  </testcase> <!-- testGetSingleProductById -->
  <testcase classname="testcases.ProductTest" name="testGetSortedProducts" time="0.618"/>
  <testcase classname="testcases.ProductTest" name="testGetSortedProductsAsc" time="0.646"/>
  <testcase classname="testcases.ProductTest" name="testUpdateProduct" time="0.004">
    <failure type="java.lang.NumberFormatException" message="Cannot parse null string">
      <![CDATA[java.lang.NumberFormatException: Cannot parse null string
at java.base/java.lang.Integer.parseInt(Integer.java:527)
at java.base/java.lang.Integer.parseInt(Integer.java:662)
at utils.ConfigReader.getIntProperty(ConfigReader.java:34)
at testcases.ProductTest.testUpdateProduct(ProductTest.java:166)
at java.base/java.util.ArrayList.forEach(ArrayList.java:1604)
... Removed 25 stack frames]]>
    </failure>
  </testcase> <!-- testUpdateProduct -->
</testsuite> <!-- API Tests -->
