<?xml version="1.0" encoding="UTF-8"?>
<!-- Generated by org.testng.reporters.JUnitXMLReporter -->
<testsuite ignored="0" hostname="MACPRO646.local" failures="0" tests="9" name="Default test" time="20.785" errors="0" timestamp="2025-12-23T12:46:29 IST">
  <testcase classname="testcases.CartTests" name="testCreateCart" time="9.386"/>
  <testcase classname="testcases.CartTests" name="testDeleteCart" time="0.844"/>
  <testcase classname="testcases.CartTests" name="testGetAllCarts" time="5.753"/>
  <testcase classname="testcases.CartTests" name="testGetCartsByDateRange" time="0.731"/>
  <testcase classname="testcases.CartTests" name="testGetCartsSorted" time="0.676"/>
  <testcase classname="testcases.CartTests" name="testGetCartsSortedAsc" time="0.695"/>
  <testcase classname="testcases.CartTests" name="testGetCartsWithLimit" time="0.6"/>
  <testcase classname="testcases.CartTests" name="testGetUserCart" time="0.727"/>
  <testcase classname="testcases.CartTests" name="testUpdateCart" time="0.639"/>
</testsuite> <!-- Default test -->
