<?xml version="1.0" encoding="UTF-8"?>
<!-- Generated by org.testng.reporters.JUnitXMLReporter -->
<testsuite ignored="0" hostname="MACPRO646.local" failures="0" tests="7" name="Default test" time="9.072" errors="0" timestamp="2025-12-19T15:49:41 IST">
  <testcase classname="testcases.ProductTest" name="testAddNewProduct" time="4.505"/>
  <testcase classname="testcases.ProductTest" name="testGetAllCategories" time="0.831"/>
  <testcase classname="testcases.ProductTest" name="testGetAllProducts" time="0.692"/>
  <testcase classname="testcases.ProductTest" name="testGetLimitedProducts" time="0.638"/>
  <testcase classname="testcases.ProductTest" name="testGetProductsByCategory" time="0.685"/>
  <testcase classname="testcases.ProductTest" name="testGetSortedProducts" time="0.548"/>
  <testcase classname="testcases.ProductTest" name="testGetSortedProductsAsc" time="0.554"/>
</testsuite> <!-- Default test -->
