<?xml version="1.0" encoding="UTF-8"?>
<!-- Generated by org.testng.reporters.JUnitReportReporter -->
<testsuite hostname="MACPRO646.local" failures="0" tests="8" name="testcases.UserTests" time="15.713" errors="0" timestamp="2025-12-26T16:37:44 IST" skipped="0">
  <testcase classname="testcases.UserTests" name="testCreateUser" time="6.349"/>
  <testcase classname="testcases.UserTests" name="testGetUsersWithLimit" time="0.647"/>
  <testcase classname="testcases.UserTests" name="testGetUserById" time="0.635"/>
  <testcase classname="testcases.UserTests" name="testDeleteUser" time="0.569"/>
  <testcase classname="testcases.UserTests" name="testUpdateUser" time="5.587"/>
  <testcase classname="testcases.UserTests" name="testGetUsersSorted" time="0.641"/>
  <testcase classname="testcases.UserTests" name="testGetUsersSortedAsc" time="0.594"/>
  <testcase classname="testcases.UserTests" name="testGetAllUsers" time="0.691"/>
</testsuite> <!-- testcases.UserTests -->
