<?xml version="1.0" encoding="UTF-8"?>
<!-- Generated by org.testng.reporters.JUnitReportReporter -->
<testsuite hostname="MACPRO646.local" failures="0" tests="10" name="testcases.ProductTests" time="16.438" errors="0" timestamp="2025-12-26T16:37:44 IST" skipped="0">
  <testcase classname="testcases.ProductTests" name="testGetSortedProductsAsc" time="5.644"/>
  <testcase classname="testcases.ProductTests" name="testGetAllCategories" time="0.580"/>
  <testcase classname="testcases.ProductTests" name="testGetAllProducts" time="0.528"/>
  <testcase classname="testcases.ProductTests" name="testUpdateProduct" time="0.652"/>
  <testcase classname="testcases.ProductTests" name="testAddNewProduct" time="6.350"/>
  <testcase classname="testcases.ProductTests" name="testGetLimitedProducts" time="0.465"/>
  <testcase classname="testcases.ProductTests" name="testGetProductsByCategory" time="0.613"/>
  <testcase classname="testcases.ProductTests" name="testDeleteProduct" time="0.500"/>
  <testcase classname="testcases.ProductTests" name="testGetSortedProducts" time="0.550"/>
  <testcase classname="testcases.ProductTests" name="testGetSingleProductById" time="0.556"/>
</testsuite> <!-- testcases.ProductTests -->
