<?xml version="1.0" encoding="UTF-8"?>
<!-- Generated by org.testng.reporters.JUnitReportReporter -->
<testsuite hostname="MACPRO646.local" failures="0" tests="3" name="testcases.SchemaTests" time="1.935" errors="0" timestamp="2025-12-26T16:37:44 IST" skipped="0">
  <testcase classname="testcases.SchemaTests" name="testUserSchema" time="0.656"/>
  <testcase classname="testcases.SchemaTests" name="testCartSchema" time="0.728"/>
  <testcase classname="testcases.SchemaTests" name="testProductSchema" time="0.551"/>
</testsuite> <!-- testcases.SchemaTests -->
