<?xml version="1.0" encoding="UTF-8"?>
<!-- Generated by org.testng.reporters.JUnitXMLReporter -->
<testsuite ignored="0" hostname="MACPRO646.local" failures="0" tests="10" name="Cart Tests" time="11.324" errors="0" timestamp="2025-12-26T16:37:44 IST">
  <testcase classname="testcases.CartTests" name="testCreateCart" time="0.59"/>
  <testcase classname="testcases.CartTests" name="testDeleteCart" time="0.64"/>
  <testcase classname="testcases.CartTests" name="testGetAllCarts" time="0.638"/>
  <testcase classname="testcases.CartTests" name="testGetCartById" time="0.68"/>
  <testcase classname="testcases.CartTests" name="testGetCartsByDateRange" time="0.599"/>
  <testcase classname="testcases.CartTests" name="testGetCartsSorted" time="0.644"/>
  <testcase classname="testcases.CartTests" name="testGetCartsSortedAsc" time="0.678"/>
  <testcase classname="testcases.CartTests" name="testGetCartsWithLimit" time="5.672"/>
  <testcase classname="testcases.CartTests" name="testGetUserCart" time="0.646"/>
  <testcase classname="testcases.CartTests" name="testUpdateCart" time="0.507"/>
</testsuite> <!-- Cart Tests -->
