<?xml version="1.0" encoding="UTF-8"?>
<!-- Generated by org.testng.reporters.JUnitXMLReporter -->
<testsuite ignored="0" hostname="MACPRO646.local" failures="0" tests="10" name="Product Tests" time="16.672" errors="0" timestamp="2025-12-26T16:37:33 IST">
  <testcase classname="testcases.ProductTests" name="testAddNewProduct" time="6.35"/>
  <testcase classname="testcases.ProductTests" name="testDeleteProduct" time="0.5"/>
  <testcase classname="testcases.ProductTests" name="testGetAllCategories" time="0.58"/>
  <testcase classname="testcases.ProductTests" name="testGetAllProducts" time="0.528"/>
  <testcase classname="testcases.ProductTests" name="testGetLimitedProducts" time="0.465"/>
  <testcase classname="testcases.ProductTests" name="testGetProductsByCategory" time="0.613"/>
  <testcase classname="testcases.ProductTests" name="testGetSingleProductById" time="0.556"/>
  <testcase classname="testcases.ProductTests" name="testGetSortedProducts" time="0.55"/>
  <testcase classname="testcases.ProductTests" name="testGetSortedProductsAsc" time="5.644"/>
  <testcase classname="testcases.ProductTests" name="testUpdateProduct" time="0.652"/>
</testsuite> <!-- Product Tests -->
