<?xml version="1.0" encoding="UTF-8"?>
<!-- Generated by org.testng.reporters.JUnitXMLReporter -->
<testsuite ignored="0" hostname="MACPRO646.local" failures="0" tests="3" name="Schema Tests" time="1.944" errors="0" timestamp="2025-12-26T16:37:37 IST">
  <testcase classname="testcases.SchemaTests" name="testCartSchema" time="0.728"/>
  <testcase classname="testcases.SchemaTests" name="testProductSchema" time="0.551"/>
  <testcase classname="testcases.SchemaTests" name="testUserSchema" time="0.656"/>
</testsuite> <!-- Schema Tests -->
