<?xml version="1.0" encoding="UTF-8"?>
<testng-results ignored="0" total="19" passed="19" failed="0" skipped="0">
  <reporter-output>
  </reporter-output>
  <suite started-at="2025-12-24T00:10:38 IST" name="API TestSuite" finished-at="2025-12-24T00:11:09 IST" duration-ms="31024">
    <groups>
    </groups>
    <test started-at="2025-12-24T00:10:38 IST" name="API Tests" finished-at="2025-12-24T00:10:57 IST" duration-ms="19462">
      <class name="testcases.ProductTests">
        <test-method is-config="true" signature="setup()[pri:0, instance:testcases.ProductTests@798162bc]" started-at="2025-12-24T00:10:38 IST" name="setup" finished-at="2025-12-24T00:10:39 IST" duration-ms="490" status="PASS">
          <reporter-output>
          </reporter-output>
        </test-method> <!-- setup -->
        <test-method signature="testAddNewProduct()[pri:0, instance:testcases.ProductTests@798162bc]" started-at="2025-12-24T00:10:39 IST" name="testAddNewProduct" finished-at="2025-12-24T00:10:48 IST" duration-ms="9484" status="PASS">
          <reporter-output>
          </reporter-output>
        </test-method> <!-- testAddNewProduct -->
        <test-method signature="testDeleteProduct()[pri:0, instance:testcases.ProductTests@798162bc]" started-at="2025-12-24T00:10:48 IST" name="testDeleteProduct" finished-at="2025-12-24T00:10:49 IST" duration-ms="454" status="PASS">
          <reporter-output>
          </reporter-output>
        </test-method> <!-- testDeleteProduct -->
        <test-method signature="testGetAllCategories()[pri:0, instance:testcases.ProductTests@798162bc]" started-at="2025-12-24T00:10:49 IST" name="testGetAllCategories" finished-at="2025-12-24T00:10:49 IST" duration-ms="460" status="PASS">
          <reporter-output>
          </reporter-output>
        </test-method> <!-- testGetAllCategories -->
        <test-method signature="testGetAllProducts()[pri:0, instance:testcases.ProductTests@798162bc]" started-at="2025-12-24T00:10:49 IST" name="testGetAllProducts" finished-at="2025-12-24T00:10:55 IST" duration-ms="5544" status="PASS">
          <reporter-output>
          </reporter-output>
        </test-method> <!-- testGetAllProducts -->
        <test-method signature="testGetLimitedProducts()[pri:0, instance:testcases.ProductTests@798162bc]" started-at="2025-12-24T00:10:55 IST" name="testGetLimitedProducts" finished-at="2025-12-24T00:10:55 IST" duration-ms="430" status="PASS">
          <reporter-output>
          </reporter-output>
        </test-method> <!-- testGetLimitedProducts -->
        <test-method signature="testGetProductsByCategory()[pri:0, instance:testcases.ProductTests@798162bc]" started-at="2025-12-24T00:10:55 IST" name="testGetProductsByCategory" finished-at="2025-12-24T00:10:56 IST" duration-ms="445" status="PASS">
          <reporter-output>
          </reporter-output>
        </test-method> <!-- testGetProductsByCategory -->
        <test-method signature="testGetSingleProductById()[pri:0, instance:testcases.ProductTests@798162bc]" started-at="2025-12-24T00:10:56 IST" name="testGetSingleProductById" finished-at="2025-12-24T00:10:56 IST" duration-ms="376" status="PASS">
          <reporter-output>
          </reporter-output>
        </test-method> <!-- testGetSingleProductById -->
        <test-method signature="testGetSortedProducts()[pri:0, instance:testcases.ProductTests@798162bc]" started-at="2025-12-24T00:10:56 IST" name="testGetSortedProducts" finished-at="2025-12-24T00:10:57 IST" duration-ms="451" status="PASS">
          <reporter-output>
          </reporter-output>
        </test-method> <!-- testGetSortedProducts -->
        <test-method signature="testGetSortedProductsAsc()[pri:0, instance:testcases.ProductTests@798162bc]" started-at="2025-12-24T00:10:57 IST" name="testGetSortedProductsAsc" finished-at="2025-12-24T00:10:57 IST" duration-ms="412" status="PASS">
          <reporter-output>
          </reporter-output>
        </test-method> <!-- testGetSortedProductsAsc -->
        <test-method signature="testUpdateProduct()[pri:0, instance:testcases.ProductTests@798162bc]" started-at="2025-12-24T00:10:57 IST" name="testUpdateProduct" finished-at="2025-12-24T00:10:57 IST" duration-ms="433" status="PASS">
          <reporter-output>
          </reporter-output>
        </test-method> <!-- testUpdateProduct -->
      </class> <!-- testcases.ProductTests -->
    </test> <!-- API Tests -->
    <test started-at="2025-12-24T00:10:58 IST" name="User Test" finished-at="2025-12-24T00:11:09 IST" duration-ms="10725">
      <class name="testcases.CartTests">
        <test-method is-config="true" signature="setup()[pri:0, instance:testcases.CartTests@7ac296f6]" started-at="2025-12-24T00:10:58 IST" name="setup" finished-at="2025-12-24T00:10:58 IST" duration-ms="11" status="PASS">
          <reporter-output>
          </reporter-output>
        </test-method> <!-- setup -->
        <test-method signature="testCreateCart()[pri:0, instance:testcases.CartTests@7ac296f6]" started-at="2025-12-24T00:10:58 IST" name="testCreateCart" finished-at="2025-12-24T00:10:59 IST" duration-ms="761" status="PASS">
          <reporter-output>
          </reporter-output>
        </test-method> <!-- testCreateCart -->
        <test-method signature="testDeleteCart()[pri:0, instance:testcases.CartTests@7ac296f6]" started-at="2025-12-24T00:10:59 IST" name="testDeleteCart" finished-at="2025-12-24T00:11:00 IST" duration-ms="593" status="PASS">
          <reporter-output>
          </reporter-output>
        </test-method> <!-- testDeleteCart -->
        <test-method signature="testGetAllCarts()[pri:0, instance:testcases.CartTests@7ac296f6]" started-at="2025-12-24T00:11:00 IST" name="testGetAllCarts" finished-at="2025-12-24T00:11:05 IST" duration-ms="5515" status="PASS">
          <reporter-output>
          </reporter-output>
        </test-method> <!-- testGetAllCarts -->
        <test-method signature="testGetCartsByDateRange()[pri:0, instance:testcases.CartTests@7ac296f6]" started-at="2025-12-24T00:11:05 IST" name="testGetCartsByDateRange" finished-at="2025-12-24T00:11:06 IST" duration-ms="637" status="PASS">
          <reporter-output>
          </reporter-output>
        </test-method> <!-- testGetCartsByDateRange -->
        <test-method signature="testGetCartsSorted()[pri:0, instance:testcases.CartTests@7ac296f6]" started-at="2025-12-24T00:11:06 IST" name="testGetCartsSorted" finished-at="2025-12-24T00:11:06 IST" duration-ms="522" status="PASS">
          <reporter-output>
          </reporter-output>
        </test-method> <!-- testGetCartsSorted -->
        <test-method signature="testGetCartsSortedAsc()[pri:0, instance:testcases.CartTests@7ac296f6]" started-at="2025-12-24T00:11:06 IST" name="testGetCartsSortedAsc" finished-at="2025-12-24T00:11:07 IST" duration-ms="609" status="PASS">
          <reporter-output>
          </reporter-output>
        </test-method> <!-- testGetCartsSortedAsc -->
        <test-method signature="testGetCartsWithLimit()[pri:0, instance:testcases.CartTests@7ac296f6]" started-at="2025-12-24T00:11:07 IST" name="testGetCartsWithLimit" finished-at="2025-12-24T00:11:08 IST" duration-ms="1032" status="PASS">
          <reporter-output>
          </reporter-output>
        </test-method> <!-- testGetCartsWithLimit -->
        <test-method signature="testGetUserCart()[pri:0, instance:testcases.CartTests@7ac296f6]" started-at="2025-12-24T00:11:08 IST" name="testGetUserCart" finished-at="2025-12-24T00:11:08 IST" duration-ms="482" status="PASS">
          <reporter-output>
          </reporter-output>
        </test-method> <!-- testGetUserCart -->
        <test-method signature="testUpdateCart()[pri:0, instance:testcases.CartTests@7ac296f6]" started-at="2025-12-24T00:11:08 IST" name="testUpdateCart" finished-at="2025-12-24T00:11:09 IST" duration-ms="476" status="PASS">
          <reporter-output>
          </reporter-output>
        </test-method> <!-- testUpdateCart -->
      </class> <!-- testcases.CartTests -->
    </test> <!-- User Test -->
  </suite> <!-- API TestSuite -->
</testng-results>
