<?xml version="1.0" encoding="UTF-8"?>
<!-- Generated by org.testng.reporters.JUnitReportReporter -->
<testsuite hostname="MACPRO646.local" failures="0" tests="4" name="Day1.HttpMethodDemo" time="3.589" errors="0" timestamp="2025-12-08T17:17:35 IST" skipped="0">
  <testcase classname="Day1.HttpMethodDemo" name="getUsers" time="2.471"/>
  <testcase classname="Day1.HttpMethodDemo" name="createUser" time="1.014"/>
  <testcase classname="Day1.HttpMethodDemo" name="updateUser" time="0.071"/>
  <testcase classname="Day1.HttpMethodDemo" name="deleteUser" time="0.033"/>
</testsuite> <!-- Day1.HttpMethodDemo -->
