<?xml version="1.0" encoding="UTF-8"?>
<!-- Generated by org.testng.reporters.JUnitReportReporter -->
<testsuite hostname="MACPRO646.local" failures="0" tests="4" name="Day1.HttpMethodDemo" time="3.767" errors="0" timestamp="2025-12-31T14:34:19 IST" skipped="0">
  <testcase classname="Day1.HttpMethodDemo" name="getUsers" time="2.516"/>
  <testcase classname="Day1.HttpMethodDemo" name="createUser" time="1.142"/>
  <testcase classname="Day1.HttpMethodDemo" name="updateUser" time="0.080"/>
  <testcase classname="Day1.HttpMethodDemo" name="deleteUser" time="0.029"/>
</testsuite> <!-- Day1.HttpMethodDemo -->
