<?xml version="1.0" encoding="UTF-8"?>
<!-- Generated by org.testng.reporters.JUnitReportReporter -->
<testsuite hostname="MACPRO646.local" failures="0" tests="5" name="Day11.GraphQL_QueryTests" time="2.917" errors="0" timestamp="2025-12-17T11:16:08 IST" skipped="0">
  <testcase classname="Day11.GraphQL_QueryTests" name="testFetchUsers" time="0.693"/>
  <testcase classname="Day11.GraphQL_QueryTests" name="testFetchLimitedTodos" time="0.596"/>
  <testcase classname="Day11.GraphQL_QueryTests" name="testFetchUsersWithRecentTodos" time="0.604"/>
  <testcase classname="Day11.GraphQL_QueryTests" name="testFetchTodosWithVariables" time="0.479"/>
  <testcase classname="Day11.GraphQL_QueryTests" name="testFetchPublicTodos" time="0.545"/>
</testsuite> <!-- Day11.GraphQL_QueryTests -->
