<?xml version="1.0" encoding="UTF-8"?>
<!-- Generated by org.testng.reporters.JUnitReportReporter -->
<testsuite hostname="MACPRO646.local" failures="0" tests="6" name="Day9.RequestAndResponseSpecification" time="2.494" errors="0" timestamp="2025-12-15T11:06:00 IST" skipped="0">
  <testcase classname="Day9.RequestAndResponseSpecification" name="getAllEmployees" time="2.221"/>
  <testcase classname="Day9.RequestAndResponseSpecification" name="getMaleEmployees" time="0.101"/>
  <testcase classname="Day9.RequestAndResponseSpecification" name="getFeMaleEmployees" time="0.047"/>
  <testcase classname="Day9.RequestAndResponseSpecification" name="getEmployeeById" time="0.041"/>
  <testcase classname="Day9.RequestAndResponseSpecification" name="getEmployeeByFirstName" time="0.041"/>
  <testcase classname="Day9.RequestAndResponseSpecification" name="getEmployeeByLastName" time="0.043"/>
</testsuite> <!-- Day9.RequestAndResponseSpecification -->
