<?xml version="1.0" encoding="UTF-8"?>
<!-- Generated by org.testng.reporters.JUnitReportReporter -->
<testsuite hostname="MACPRO646.local" failures="0" tests="3" name="Day9.SerializationAndDeserializationExample" time="3.619" errors="0" timestamp="2025-12-15T11:04:24 IST" skipped="0">
  <testcase classname="Day9.SerializationAndDeserializationExample" name="deleteStudent" time="0.024"/>
  <testcase classname="Day9.SerializationAndDeserializationExample" name="testDeserialization" time="0.145"/>
  <testcase classname="Day9.SerializationAndDeserializationExample" name="testSerialization" time="3.450"/>
</testsuite> <!-- Day9.SerializationAndDeserializationExample -->
