<?xml version="1.0" encoding="UTF-8"?>
<!-- Generated by org.testng.reporters.JUnitReportReporter -->
<testsuite hostname="MACPRO646.local" failures="0" tests="15" name="Day10.DataDrivenTesting" time="23.734" errors="0" timestamp="2025-12-16T01:13:37 IST" skipped="0">
  <testcase classname="Day10.DataDrivenTesting" name="testWithExcelData" time="1.620"/>
  <testcase classname="Day10.DataDrivenTesting" name="testWithCSVData" time="1.054"/>
  <testcase classname="Day10.DataDrivenTesting" name="testWithExcelData" time="1.625"/>
  <testcase classname="Day10.DataDrivenTesting" name="testWithExcelData" time="0.622"/>
  <testcase classname="Day10.DataDrivenTesting" name="testWithExcelData" time="0.872"/>
  <testcase classname="Day10.DataDrivenTesting" name="testWithCSVData" time="1.580"/>
  <testcase classname="Day10.DataDrivenTesting" name="testWithCSVData" time="4.939"/>
  <testcase classname="Day10.DataDrivenTesting" name="testWithJsonData" time="1.619"/>
  <testcase classname="Day10.DataDrivenTesting" name="testWithJsonData" time="1.047"/>
  <testcase classname="Day10.DataDrivenTesting" name="testWithCSVData" time="1.628"/>
  <testcase classname="Day10.DataDrivenTesting" name="testWithJsonData" time="1.515"/>
  <testcase classname="Day10.DataDrivenTesting" name="testWithExcelData" time="1.639"/>
  <testcase classname="Day10.DataDrivenTesting" name="testWithJsonData" time="1.170"/>
  <testcase classname="Day10.DataDrivenTesting" name="testWithJsonData" time="1.186"/>
  <testcase classname="Day10.DataDrivenTesting" name="testWithCSVData" time="1.618"/>
</testsuite> <!-- Day10.DataDrivenTesting -->
