<?xml version="1.0" encoding="UTF-8"?>
<testng-results ignored="0" total="33" passed="33" failed="0" skipped="0">
  <reporter-output>
  </reporter-output>
  <suite started-at="2025-12-26T16:37:17 IST" name="API TestSuite" finished-at="2025-12-26T16:37:44 IST" duration-ms="27409">
    <groups>
    </groups>
    <test started-at="2025-12-26T16:37:17 IST" name="User Tests" finished-at="2025-12-26T16:37:33 IST" duration-ms="15951">
      <class name="testcases.UserTests">
        <test-method is-config="true" signature="setup()[pri:0, instance:testcases.UserTests@368247b9]" started-at="2025-12-26T16:37:17 IST" name="setup" finished-at="2025-12-26T16:37:17 IST" duration-ms="114" status="PASS">
          <reporter-output>
          </reporter-output>
        </test-method> <!-- setup -->
        <test-method signature="testCreateUser()[pri:0, instance:testcases.UserTests@368247b9]" started-at="2025-12-26T16:37:17 IST" name="testCreateUser" finished-at="2025-12-26T16:37:23 IST" duration-ms="6349" status="PASS">
          <reporter-output>
          </reporter-output>
        </test-method> <!-- testCreateUser -->
        <test-method signature="testDeleteUser()[pri:0, instance:testcases.UserTests@368247b9]" started-at="2025-12-26T16:37:23 IST" name="testDeleteUser" finished-at="2025-12-26T16:37:24 IST" duration-ms="569" status="PASS">
          <reporter-output>
          </reporter-output>
        </test-method> <!-- testDeleteUser -->
        <test-method signature="testGetAllUsers()[pri:0, instance:testcases.UserTests@368247b9]" started-at="2025-12-26T16:37:24 IST" name="testGetAllUsers" finished-at="2025-12-26T16:37:24 IST" duration-ms="691" status="PASS">
          <reporter-output>
          </reporter-output>
        </test-method> <!-- testGetAllUsers -->
        <test-method signature="testGetUserById()[pri:0, instance:testcases.UserTests@368247b9]" started-at="2025-12-26T16:37:24 IST" name="testGetUserById" finished-at="2025-12-26T16:37:25 IST" duration-ms="635" status="PASS">
          <reporter-output>
          </reporter-output>
        </test-method> <!-- testGetUserById -->
        <test-method signature="testGetUsersSorted()[pri:0, instance:testcases.UserTests@368247b9]" started-at="2025-12-26T16:37:25 IST" name="testGetUsersSorted" finished-at="2025-12-26T16:37:26 IST" duration-ms="641" status="PASS">
          <reporter-output>
          </reporter-output>
        </test-method> <!-- testGetUsersSorted -->
        <test-method signature="testGetUsersSortedAsc()[pri:0, instance:testcases.UserTests@368247b9]" started-at="2025-12-26T16:37:26 IST" name="testGetUsersSortedAsc" finished-at="2025-12-26T16:37:26 IST" duration-ms="594" status="PASS">
          <reporter-output>
          </reporter-output>
        </test-method> <!-- testGetUsersSortedAsc -->
        <test-method signature="testGetUsersWithLimit()[pri:0, instance:testcases.UserTests@368247b9]" started-at="2025-12-26T16:37:26 IST" name="testGetUsersWithLimit" finished-at="2025-12-26T16:37:27 IST" duration-ms="647" status="PASS">
          <reporter-output>
          </reporter-output>
        </test-method> <!-- testGetUsersWithLimit -->
        <test-method signature="testUpdateUser()[pri:0, instance:testcases.UserTests@368247b9]" started-at="2025-12-26T16:37:27 IST" name="testUpdateUser" finished-at="2025-12-26T16:37:33 IST" duration-ms="5587" status="PASS">
          <reporter-output>
          </reporter-output>
        </test-method> <!-- testUpdateUser -->
      </class> <!-- testcases.UserTests -->
    </test> <!-- User Tests -->
    <test started-at="2025-12-26T16:37:17 IST" name="Product Tests" finished-at="2025-12-26T16:37:33 IST" duration-ms="16672">
      <class name="testcases.ProductTests">
        <test-method is-config="true" signature="setup()[pri:0, instance:testcases.ProductTests@27f981c6]" started-at="2025-12-26T16:37:17 IST" name="setup" finished-at="2025-12-26T16:37:17 IST" duration-ms="114" status="PASS">
          <reporter-output>
          </reporter-output>
        </test-method> <!-- setup -->
        <test-method signature="testAddNewProduct()[pri:0, instance:testcases.ProductTests@27f981c6]" started-at="2025-12-26T16:37:17 IST" name="testAddNewProduct" finished-at="2025-12-26T16:37:23 IST" duration-ms="6350" status="PASS">
          <reporter-output>
          </reporter-output>
        </test-method> <!-- testAddNewProduct -->
        <test-method signature="testDeleteProduct()[pri:0, instance:testcases.ProductTests@27f981c6]" started-at="2025-12-26T16:37:23 IST" name="testDeleteProduct" finished-at="2025-12-26T16:37:24 IST" duration-ms="500" status="PASS">
          <reporter-output>
          </reporter-output>
        </test-method> <!-- testDeleteProduct -->
        <test-method signature="testGetAllCategories()[pri:0, instance:testcases.ProductTests@27f981c6]" started-at="2025-12-26T16:37:24 IST" name="testGetAllCategories" finished-at="2025-12-26T16:37:24 IST" duration-ms="580" status="PASS">
          <reporter-output>
          </reporter-output>
        </test-method> <!-- testGetAllCategories -->
        <test-method signature="testGetAllProducts()[pri:0, instance:testcases.ProductTests@27f981c6]" started-at="2025-12-26T16:37:24 IST" name="testGetAllProducts" finished-at="2025-12-26T16:37:25 IST" duration-ms="528" status="PASS">
          <reporter-output>
          </reporter-output>
        </test-method> <!-- testGetAllProducts -->
        <test-method signature="testGetLimitedProducts()[pri:0, instance:testcases.ProductTests@27f981c6]" started-at="2025-12-26T16:37:25 IST" name="testGetLimitedProducts" finished-at="2025-12-26T16:37:25 IST" duration-ms="465" status="PASS">
          <reporter-output>
          </reporter-output>
        </test-method> <!-- testGetLimitedProducts -->
        <test-method signature="testGetProductsByCategory()[pri:0, instance:testcases.ProductTests@27f981c6]" started-at="2025-12-26T16:37:25 IST" name="testGetProductsByCategory" finished-at="2025-12-26T16:37:26 IST" duration-ms="613" status="PASS">
          <reporter-output>
          </reporter-output>
        </test-method> <!-- testGetProductsByCategory -->
        <test-method signature="testGetSingleProductById()[pri:0, instance:testcases.ProductTests@27f981c6]" started-at="2025-12-26T16:37:26 IST" name="testGetSingleProductById" finished-at="2025-12-26T16:37:26 IST" duration-ms="556" status="PASS">
          <reporter-output>
          </reporter-output>
        </test-method> <!-- testGetSingleProductById -->
        <test-method signature="testGetSortedProducts()[pri:0, instance:testcases.ProductTests@27f981c6]" started-at="2025-12-26T16:37:26 IST" name="testGetSortedProducts" finished-at="2025-12-26T16:37:27 IST" duration-ms="550" status="PASS">
          <reporter-output>
          </reporter-output>
        </test-method> <!-- testGetSortedProducts -->
        <test-method signature="testGetSortedProductsAsc()[pri:0, instance:testcases.ProductTests@27f981c6]" started-at="2025-12-26T16:37:27 IST" name="testGetSortedProductsAsc" finished-at="2025-12-26T16:37:33 IST" duration-ms="5644" status="PASS">
          <reporter-output>
          </reporter-output>
        </test-method> <!-- testGetSortedProductsAsc -->
        <test-method signature="testUpdateProduct()[pri:0, instance:testcases.ProductTests@27f981c6]" started-at="2025-12-26T16:37:33 IST" name="testUpdateProduct" finished-at="2025-12-26T16:37:33 IST" duration-ms="652" status="PASS">
          <reporter-output>
          </reporter-output>
        </test-method> <!-- testUpdateProduct -->
      </class> <!-- testcases.ProductTests -->
    </test> <!-- Product Tests -->
    <test started-at="2025-12-26T16:37:33 IST" name="Auth Tests" finished-at="2025-12-26T16:37:35 IST" duration-ms="1534">
      <class name="testcases.LoginTests">
        <test-method is-config="true" signature="setup()[pri:0, instance:testcases.LoginTests@46cdf8bd]" started-at="2025-12-26T16:37:33 IST" name="setup" finished-at="2025-12-26T16:37:33 IST" duration-ms="11" status="PASS">
          <reporter-output>
          </reporter-output>
        </test-method> <!-- setup -->
        <test-method signature="testInvalidUserLogin()[pri:0, instance:testcases.LoginTests@46cdf8bd]" started-at="2025-12-26T16:37:33 IST" name="testInvalidUserLogin" finished-at="2025-12-26T16:37:34 IST" duration-ms="788" status="PASS">
          <reporter-output>
          </reporter-output>
        </test-method> <!-- testInvalidUserLogin -->
        <test-method signature="testValidUserLogin()[pri:0, instance:testcases.LoginTests@46cdf8bd]" started-at="2025-12-26T16:37:34 IST" name="testValidUserLogin" finished-at="2025-12-26T16:37:35 IST" duration-ms="728" status="PASS">
          <reporter-output>
          </reporter-output>
        </test-method> <!-- testValidUserLogin -->
      </class> <!-- testcases.LoginTests -->
    </test> <!-- Auth Tests -->
    <test started-at="2025-12-26T16:37:35 IST" name="Schema Tests" finished-at="2025-12-26T16:37:37 IST" duration-ms="1944">
      <class name="testcases.SchemaTests">
        <test-method is-config="true" signature="setup()[pri:0, instance:testcases.SchemaTests@76a4ebf2]" started-at="2025-12-26T16:37:35 IST" name="setup" finished-at="2025-12-26T16:37:35 IST" duration-ms="4" status="PASS">
          <reporter-output>
          </reporter-output>
        </test-method> <!-- setup -->
        <test-method signature="testCartSchema()[pri:0, instance:testcases.SchemaTests@76a4ebf2]" started-at="2025-12-26T16:37:35 IST" name="testCartSchema" finished-at="2025-12-26T16:37:36 IST" duration-ms="728" status="PASS">
          <reporter-output>
          </reporter-output>
        </test-method> <!-- testCartSchema -->
        <test-method signature="testProductSchema()[pri:0, instance:testcases.SchemaTests@76a4ebf2]" started-at="2025-12-26T16:37:36 IST" name="testProductSchema" finished-at="2025-12-26T16:37:36 IST" duration-ms="551" status="PASS">
          <reporter-output>
          </reporter-output>
        </test-method> <!-- testProductSchema -->
        <test-method signature="testUserSchema()[pri:0, instance:testcases.SchemaTests@76a4ebf2]" started-at="2025-12-26T16:37:36 IST" name="testUserSchema" finished-at="2025-12-26T16:37:37 IST" duration-ms="656" status="PASS">
          <reporter-output>
          </reporter-output>
        </test-method> <!-- testUserSchema -->
      </class> <!-- testcases.SchemaTests -->
    </test> <!-- Schema Tests -->
    <test started-at="2025-12-26T16:37:33 IST" name="Cart Tests" finished-at="2025-12-26T16:37:44 IST" duration-ms="11324">
      <class name="testcases.CartTests">
        <test-method is-config="true" signature="setup()[pri:0, instance:testcases.CartTests@750e2b97]" started-at="2025-12-26T16:37:33 IST" name="setup" finished-at="2025-12-26T16:37:33 IST" duration-ms="6" status="PASS">
          <reporter-output>
          </reporter-output>
        </test-method> <!-- setup -->
        <test-method signature="testCreateCart()[pri:0, instance:testcases.CartTests@750e2b97]" started-at="2025-12-26T16:37:33 IST" name="testCreateCart" finished-at="2025-12-26T16:37:33 IST" duration-ms="590" status="PASS">
          <reporter-output>
          </reporter-output>
        </test-method> <!-- testCreateCart -->
        <test-method signature="testDeleteCart()[pri:0, instance:testcases.CartTests@750e2b97]" started-at="2025-12-26T16:37:33 IST" name="testDeleteCart" finished-at="2025-12-26T16:37:34 IST" duration-ms="640" status="PASS">
          <reporter-output>
          </reporter-output>
        </test-method> <!-- testDeleteCart -->
        <test-method signature="testGetAllCarts()[pri:0, instance:testcases.CartTests@750e2b97]" started-at="2025-12-26T16:37:34 IST" name="testGetAllCarts" finished-at="2025-12-26T16:37:35 IST" duration-ms="638" status="PASS">
          <reporter-output>
          </reporter-output>
        </test-method> <!-- testGetAllCarts -->
        <test-method signature="testGetCartById()[pri:0, instance:testcases.CartTests@750e2b97]" started-at="2025-12-26T16:37:35 IST" name="testGetCartById" finished-at="2025-12-26T16:37:35 IST" duration-ms="680" status="PASS">
          <reporter-output>
          </reporter-output>
        </test-method> <!-- testGetCartById -->
        <test-method signature="testGetCartsByDateRange()[pri:0, instance:testcases.CartTests@750e2b97]" started-at="2025-12-26T16:37:35 IST" name="testGetCartsByDateRange" finished-at="2025-12-26T16:37:36 IST" duration-ms="599" status="PASS">
          <reporter-output>
          </reporter-output>
        </test-method> <!-- testGetCartsByDateRange -->
        <test-method signature="testGetCartsSorted()[pri:0, instance:testcases.CartTests@750e2b97]" started-at="2025-12-26T16:37:36 IST" name="testGetCartsSorted" finished-at="2025-12-26T16:37:37 IST" duration-ms="644" status="PASS">
          <reporter-output>
          </reporter-output>
        </test-method> <!-- testGetCartsSorted -->
        <test-method signature="testGetCartsSortedAsc()[pri:0, instance:testcases.CartTests@750e2b97]" started-at="2025-12-26T16:37:37 IST" name="testGetCartsSortedAsc" finished-at="2025-12-26T16:37:37 IST" duration-ms="678" status="PASS">
          <reporter-output>
          </reporter-output>
        </test-method> <!-- testGetCartsSortedAsc -->
        <test-method signature="testGetCartsWithLimit()[pri:0, instance:testcases.CartTests@750e2b97]" started-at="2025-12-26T16:37:37 IST" name="testGetCartsWithLimit" finished-at="2025-12-26T16:37:43 IST" duration-ms="5672" status="PASS">
          <reporter-output>
          </reporter-output>
        </test-method> <!-- testGetCartsWithLimit -->
        <test-method signature="testGetUserCart()[pri:0, instance:testcases.CartTests@750e2b97]" started-at="2025-12-26T16:37:43 IST" name="testGetUserCart" finished-at="2025-12-26T16:37:44 IST" duration-ms="646" status="PASS">
          <reporter-output>
          </reporter-output>
        </test-method> <!-- testGetUserCart -->
        <test-method signature="testUpdateCart()[pri:0, instance:testcases.CartTests@750e2b97]" started-at="2025-12-26T16:37:44 IST" name="testUpdateCart" finished-at="2025-12-26T16:37:44 IST" duration-ms="507" status="PASS">
          <reporter-output>
          </reporter-output>
        </test-method> <!-- testUpdateCart -->
      </class> <!-- testcases.CartTests -->
    </test> <!-- Cart Tests -->
  </suite> <!-- API TestSuite -->
</testng-results>
