<?xml version="1.0" encoding="UTF-8"?>
<!-- Generated by org.testng.reporters.JUnitXMLReporter -->
<testsuite ignored="0" hostname="MACPRO646.local" failures="0" tests="10" name="API Tests" time="19.462" errors="0" timestamp="2025-12-24T00:10:58 IST">
  <testcase classname="testcases.ProductTests" name="testAddNewProduct" time="9.484"/>
  <testcase classname="testcases.ProductTests" name="testDeleteProduct" time="0.454"/>
  <testcase classname="testcases.ProductTests" name="testGetAllCategories" time="0.46"/>
  <testcase classname="testcases.ProductTests" name="testGetAllProducts" time="5.544"/>
  <testcase classname="testcases.ProductTests" name="testGetLimitedProducts" time="0.43"/>
  <testcase classname="testcases.ProductTests" name="testGetProductsByCategory" time="0.445"/>
  <testcase classname="testcases.ProductTests" name="testGetSingleProductById" time="0.376"/>
  <testcase classname="testcases.ProductTests" name="testGetSortedProducts" time="0.451"/>
  <testcase classname="testcases.ProductTests" name="testGetSortedProductsAsc" time="0.412"/>
  <testcase classname="testcases.ProductTests" name="testUpdateProduct" time="0.433"/>
</testsuite> <!-- API Tests -->
