<?xml version="1.0" encoding="UTF-8"?>
<!-- Generated by org.testng.reporters.JUnitXMLReporter -->
<testsuite ignored="0" hostname="MACPRO646.local" failures="1" tests="1" name="dataProduct" time="0.098" errors="0" timestamp="2025-12-24T18:35:41 IST">
  <testcase classname="testcases.ProductDataDrivenTest" name="testAddNewProduct" time="0.0">
    <failure type="java.lang.RuntimeException" message="java.io.FileNotFoundException: .\testdata\product.json (No such file or directory)">
      <![CDATA[java.lang.RuntimeException: java.io.FileNotFoundException: .\testdata\product.json (No such file or directory)
at java.base/java.util.ArrayList.forEach(ArrayList.java:1604)
at java.base/java.util.concurrent.FutureTask.run(FutureTask.java:328)
at java.base/java.util.concurrent.ThreadPoolExecutor.runWorker(ThreadPoolExecutor.java:1090)
at java.base/java.util.concurrent.ThreadPoolExecutor$Worker.run(ThreadPoolExecutor.java:614)
at java.base/java.lang.Thread.run(Thread.java:1474)
Caused by: java.io.FileNotFoundException: .\testdata\product.json (No such file or directory)
at java.base/java.io.FileInputStream.open0(Native Method)
at java.base/java.io.FileInputStream.open(FileInputStream.java:185)
at java.base/java.io.FileInputStream.<init>(FileInputStream.java:139)
at com.fasterxml.jackson.core.TokenStreamFactory._fileInputStream(TokenStreamFactory.java:262)
at com.fasterxml.jackson.core.JsonFactory.createParser(JsonFactory.java:1030)
at com.fasterxml.jackson.databind.ObjectMapper.readValue(ObjectMapper.java:3562)
at utils.DataProviders.jsonDataProvider(DataProviders.java:26)
... 19 more
... Removed 20 stack frames]]>
    </failure>
  </testcase> <!-- testAddNewProduct -->
</testsuite> <!-- dataProduct -->
