<?xml version="1.0" encoding="UTF-8"?>
<!-- Generated by org.testng.reporters.JUnitXMLReporter -->
<testsuite ignored="0" hostname="MACPRO646.local" failures="0" tests="10" name="Product Tests" time="29.659" errors="0" timestamp="2025-12-26T16:17:16 IST">
  <testcase classname="testcases.ProductTests" name="testAddNewProduct" time="10.567"/>
  <testcase classname="testcases.ProductTests" name="testDeleteProduct" time="5.71"/>
  <testcase classname="testcases.ProductTests" name="testGetAllCategories" time="0.621"/>
  <testcase classname="testcases.ProductTests" name="testGetAllProducts" time="0.849"/>
  <testcase classname="testcases.ProductTests" name="testGetLimitedProducts" time="1.561"/>
  <testcase classname="testcases.ProductTests" name="testGetProductsByCategory" time="0.8"/>
  <testcase classname="testcases.ProductTests" name="testGetSingleProductById" time="0.638"/>
  <testcase classname="testcases.ProductTests" name="testGetSortedProducts" time="6.446"/>
  <testcase classname="testcases.ProductTests" name="testGetSortedProductsAsc" time="0.754"/>
  <testcase classname="testcases.ProductTests" name="testUpdateProduct" time="0.65"/>
</testsuite> <!-- Product Tests -->
