<?xml version="1.0" encoding="UTF-8"?>
<!-- Generated by org.testng.reporters.JUnitXMLReporter -->
<testsuite ignored="0" hostname="MACPRO646.local" failures="0" tests="3" name="Schema Tests" time="2.372" errors="0" timestamp="2025-12-26T16:17:26 IST">
  <testcase classname="testcases.SchemaTests" name="testCartSchema" time="1.025"/>
  <testcase classname="testcases.SchemaTests" name="testProductSchema" time="0.604"/>
  <testcase classname="testcases.SchemaTests" name="testUserSchema" time="0.711"/>
</testsuite> <!-- Schema Tests -->
