<?xml version="1.0" encoding="UTF-8"?>
<testng-results ignored="0" total="1" passed="1" failed="0" skipped="0">
  <reporter-output>
  </reporter-output>
  <suite started-at="2025-12-18T14:27:27 IST" name="Default suite" finished-at="2025-12-18T14:27:29 IST" duration-ms="1912">
    <groups>
    </groups>
    <test started-at="2025-12-18T14:27:27 IST" name="Default test" finished-at="2025-12-18T14:27:29 IST" duration-ms="1912">
      <class name="Day5.ParseComplexJsonResponse">
        <test-method signature="testPreferencesAndMetadataValidation()[pri:3, instance:Day5.ParseComplexJsonResponse@815b41f]" started-at="2025-12-18T14:27:27 IST" name="testPreferencesAndMetadataValidation" finished-at="2025-12-18T14:27:29 IST" duration-ms="1861" status="PASS">
          <reporter-output>
          </reporter-output>
        </test-method> <!-- testPreferencesAndMetadataValidation -->
      </class> <!-- Day5.ParseComplexJsonResponse -->
    </test> <!-- Default test -->
  </suite> <!-- Default suite -->
</testng-results>
