<?xml version="1.0" encoding="UTF-8"?>
<testng-results ignored="0" total="1" passed="1" failed="0" skipped="0">
  <reporter-output>
  </reporter-output>
  <suite started-at="2026-01-15T15:35:48 IST" name="Default suite" finished-at="2026-01-15T15:35:50 IST" duration-ms="1968">
    <groups>
    </groups>
    <test started-at="2026-01-15T15:35:48 IST" name="Default test" finished-at="2026-01-15T15:35:50 IST" duration-ms="1968">
      <class name="Day5.ParseComplexJsonResponse">
        <test-method signature="testUserDetailsValidation()[pri:1, instance:Day5.ParseComplexJsonResponse@67a20f67]" started-at="2026-01-15T15:35:48 IST" name="testUserDetailsValidation" finished-at="2026-01-15T15:35:50 IST" duration-ms="1903" status="PASS">
          <reporter-output>
          </reporter-output>
        </test-method> <!-- testUserDetailsValidation -->
      </class> <!-- Day5.ParseComplexJsonResponse -->
    </test> <!-- Default test -->
  </suite> <!-- Default suite -->
</testng-results>
